Analysis & Elaboration report for cpu
Wed Nov 17 00:25:55 2021
Quartus Prime Version 20.1.1 Build 720 11/11/2020 SJ Lite Edition


---------------------
; Table of Contents ;
---------------------
  1. Legal Notice
  2. Analysis & Elaboration Summary
  3. Parallel Compilation
  4. Analysis & Elaboration Settings
  5. Port Connectivity Checks: "pc:P_C"
  6. Analysis & Elaboration Messages



----------------
; Legal Notice ;
----------------
Copyright (C) 2020  Intel Corporation. All rights reserved.
Your use of Intel Corporation's design tools, logic functions 
and other software and tools, and any partner logic 
functions, and any output files from any of the foregoing 
(including device programming or simulation files), and any 
associated documentation or information are expressly subject 
to the terms and conditions of the Intel Program License 
Subscription Agreement, the Intel Quartus Prime License Agreement,
the Intel FPGA IP License Agreement, or other applicable license
agreement, including, without limitation, that your use is for
the sole purpose of programming logic devices manufactured by
Intel and sold by Intel or its authorized distributors.  Please
refer to the applicable agreement for further details, at
https://fpgasoftware.intel.com/eula.



+----------------------------------------------------------------------------------+
; Analysis & Elaboration Summary                                                   ;
+------------------------------------+---------------------------------------------+
; Analysis & Elaboration Status      ; Successful - Wed Nov 17 00:25:55 2021       ;
; Quartus Prime Version              ; 20.1.1 Build 720 11/11/2020 SJ Lite Edition ;
; Revision Name                      ; cpu                                         ;
; Top-level Entity Name              ; cpu                                         ;
; Family                             ; Cyclone IV E                                ;
; Total logic elements               ; N/A until Partition Merge                   ;
;     Total combinational functions  ; N/A until Partition Merge                   ;
;     Dedicated logic registers      ; N/A until Partition Merge                   ;
; Total registers                    ; N/A until Partition Merge                   ;
; Total pins                         ; N/A until Partition Merge                   ;
; Total virtual pins                 ; N/A until Partition Merge                   ;
; Total memory bits                  ; N/A until Partition Merge                   ;
; Embedded Multiplier 9-bit elements ; N/A until Partition Merge                   ;
; Total PLLs                         ; N/A until Partition Merge                   ;
+------------------------------------+---------------------------------------------+


+------------------------------------------+
; Parallel Compilation                     ;
+----------------------------+-------------+
; Processors                 ; Number      ;
+----------------------------+-------------+
; Number detected on machine ; 8           ;
; Maximum allowed            ; 4           ;
;                            ;             ;
; Average used               ; 1.00        ;
; Maximum used               ; 1           ;
;                            ;             ;
; Usage by Processor         ; % Time Used ;
;     Processor 1            ; 100.0%      ;
+----------------------------+-------------+


+------------------------------------------------------------------------------------------------------------+
; Analysis & Elaboration Settings                                                                            ;
+------------------------------------------------------------------+--------------------+--------------------+
; Option                                                           ; Setting            ; Default Value      ;
+------------------------------------------------------------------+--------------------+--------------------+
; Device                                                           ; EP4CE6E22C8        ;                    ;
; Top-level entity name                                            ; cpu                ; cpu                ;
; Family name                                                      ; Cyclone IV E       ; Cyclone V          ;
; Use smart compilation                                            ; Off                ; Off                ;
; Enable parallel Assembler and Timing Analyzer during compilation ; On                 ; On                 ;
; Enable compact report table                                      ; Off                ; Off                ;
; Restructure Multiplexers                                         ; Auto               ; Auto               ;
; Create Debugging Nodes for IP Cores                              ; Off                ; Off                ;
; Preserve fewer node names                                        ; On                 ; On                 ;
; Intel FPGA IP Evaluation Mode                                    ; Enable             ; Enable             ;
; Verilog Version                                                  ; Verilog_2001       ; Verilog_2001       ;
; VHDL Version                                                     ; VHDL_1993          ; VHDL_1993          ;
; State Machine Processing                                         ; Auto               ; Auto               ;
; Safe State Machine                                               ; Off                ; Off                ;
; Extract Verilog State Machines                                   ; On                 ; On                 ;
; Extract VHDL State Machines                                      ; On                 ; On                 ;
; Ignore Verilog initial constructs                                ; Off                ; Off                ;
; Iteration limit for constant Verilog loops                       ; 5000               ; 5000               ;
; Iteration limit for non-constant Verilog loops                   ; 250                ; 250                ;
; Add Pass-Through Logic to Inferred RAMs                          ; On                 ; On                 ;
; Infer RAMs from Raw Logic                                        ; On                 ; On                 ;
; Parallel Synthesis                                               ; On                 ; On                 ;
; DSP Block Balancing                                              ; Auto               ; Auto               ;
; NOT Gate Push-Back                                               ; On                 ; On                 ;
; Power-Up Don't Care                                              ; On                 ; On                 ;
; Remove Redundant Logic Cells                                     ; Off                ; Off                ;
; Remove Duplicate Registers                                       ; On                 ; On                 ;
; Ignore CARRY Buffers                                             ; Off                ; Off                ;
; Ignore CASCADE Buffers                                           ; Off                ; Off                ;
; Ignore GLOBAL Buffers                                            ; Off                ; Off                ;
; Ignore ROW GLOBAL Buffers                                        ; Off                ; Off                ;
; Ignore LCELL Buffers                                             ; Off                ; Off                ;
; Ignore SOFT Buffers                                              ; On                 ; On                 ;
; Limit AHDL Integers to 32 Bits                                   ; Off                ; Off                ;
; Optimization Technique                                           ; Balanced           ; Balanced           ;
; Carry Chain Length                                               ; 70                 ; 70                 ;
; Auto Carry Chains                                                ; On                 ; On                 ;
; Auto Open-Drain Pins                                             ; On                 ; On                 ;
; Perform WYSIWYG Primitive Resynthesis                            ; Off                ; Off                ;
; Auto ROM Replacement                                             ; On                 ; On                 ;
; Auto RAM Replacement                                             ; On                 ; On                 ;
; Auto DSP Block Replacement                                       ; On                 ; On                 ;
; Auto Shift Register Replacement                                  ; Auto               ; Auto               ;
; Allow Shift Register Merging across Hierarchies                  ; Auto               ; Auto               ;
; Auto Clock Enable Replacement                                    ; On                 ; On                 ;
; Strict RAM Replacement                                           ; Off                ; Off                ;
; Allow Synchronous Control Signals                                ; On                 ; On                 ;
; Force Use of Synchronous Clear Signals                           ; Off                ; Off                ;
; Auto RAM Block Balancing                                         ; On                 ; On                 ;
; Auto RAM to Logic Cell Conversion                                ; Off                ; Off                ;
; Auto Resource Sharing                                            ; Off                ; Off                ;
; Allow Any RAM Size For Recognition                               ; Off                ; Off                ;
; Allow Any ROM Size For Recognition                               ; Off                ; Off                ;
; Allow Any Shift Register Size For Recognition                    ; Off                ; Off                ;
; Use LogicLock Constraints during Resource Balancing              ; On                 ; On                 ;
; Ignore translate_off and synthesis_off directives                ; Off                ; Off                ;
; Timing-Driven Synthesis                                          ; On                 ; On                 ;
; Report Parameter Settings                                        ; On                 ; On                 ;
; Report Source Assignments                                        ; On                 ; On                 ;
; Report Connectivity Checks                                       ; On                 ; On                 ;
; Ignore Maximum Fan-Out Assignments                               ; Off                ; Off                ;
; Synchronization Register Chain Length                            ; 2                  ; 2                  ;
; Power Optimization During Synthesis                              ; Normal compilation ; Normal compilation ;
; HDL message level                                                ; Level2             ; Level2             ;
; Suppress Register Optimization Related Messages                  ; Off                ; Off                ;
; Number of Removed Registers Reported in Synthesis Report         ; 5000               ; 5000               ;
; Number of Swept Nodes Reported in Synthesis Report               ; 5000               ; 5000               ;
; Number of Inverted Registers Reported in Synthesis Report        ; 100                ; 100                ;
; Clock MUX Protection                                             ; On                 ; On                 ;
; Auto Gated Clock Conversion                                      ; Off                ; Off                ;
; Block Design Naming                                              ; Auto               ; Auto               ;
; SDC constraint protection                                        ; Off                ; Off                ;
; Synthesis Effort                                                 ; Auto               ; Auto               ;
; Shift Register Replacement - Allow Asynchronous Clear Signal     ; On                 ; On                 ;
; Pre-Mapping Resynthesis Optimization                             ; Off                ; Off                ;
; Analysis & Synthesis Message Level                               ; Medium             ; Medium             ;
; Disable Register Merging Across Hierarchies                      ; Auto               ; Auto               ;
; Resource Aware Inference For Block RAM                           ; On                 ; On                 ;
+------------------------------------------------------------------+--------------------+--------------------+


+----------------------------------------+
; Port Connectivity Checks: "pc:P_C"     ;
+------+-------+----------+--------------+
; Port ; Type  ; Severity ; Details      ;
+------+-------+----------+--------------+
; pcin ; Input ; Info     ; Stuck at GND ;
+------+-------+----------+--------------+


+---------------------------------+
; Analysis & Elaboration Messages ;
+---------------------------------+
Info: *******************************************************************
Info: Running Quartus Prime Analysis & Elaboration
    Info: Version 20.1.1 Build 720 11/11/2020 SJ Lite Edition
    Info: Processing started: Wed Nov 17 00:25:47 2021
Info: Command: quartus_map --read_settings_files=on --write_settings_files=off cpu -c cpu --analysis_and_elaboration
Warning (18236): Number of processors has not been specified which may cause overloading on shared machines.  Set the global assignment NUM_PARALLEL_PROCESSORS in your QSF to an appropriate value for best performance.
Info (20030): Parallel compilation is enabled and will use 4 of the 4 processors detected
Info (12021): Found 2 design units, including 1 entities, in source file reg_instr.vhd
    Info (12022): Found design unit 1: reg_instr-reg_instr_arq File: C:/Users/Evandro/Desktop/Arquitetura-de-Computadores/Projeto 2/reg_instr.vhd Line: 19
    Info (12023): Found entity 1: reg_instr File: C:/Users/Evandro/Desktop/Arquitetura-de-Computadores/Projeto 2/reg_instr.vhd Line: 6
Info (12021): Found 2 design units, including 1 entities, in source file cpu.vhd
    Info (12022): Found design unit 1: cpu-cpu_arq File: C:/Users/Evandro/Desktop/Arquitetura-de-Computadores/Projeto 2/cpu.vhd Line: 12
    Info (12023): Found entity 1: cpu File: C:/Users/Evandro/Desktop/Arquitetura-de-Computadores/Projeto 2/cpu.vhd Line: 6
Info (12021): Found 2 design units, including 1 entities, in source file ula.vhd
    Info (12022): Found design unit 1: ula-ula_arq File: C:/Users/Evandro/Desktop/Arquitetura-de-Computadores/Projeto 2/ula.vhd Line: 14
    Info (12023): Found entity 1: ula File: C:/Users/Evandro/Desktop/Arquitetura-de-Computadores/Projeto 2/ula.vhd Line: 5
Info (12021): Found 2 design units, including 1 entities, in source file banco_de_registradores.vhd
    Info (12022): Found design unit 1: banco_de_registradores-banco_de_registradores_arq File: C:/Users/Evandro/Desktop/Arquitetura-de-Computadores/Projeto 2/banco_de_registradores.vhd Line: 19
    Info (12023): Found entity 1: banco_de_registradores File: C:/Users/Evandro/Desktop/Arquitetura-de-Computadores/Projeto 2/banco_de_registradores.vhd Line: 6
Info (12021): Found 2 design units, including 1 entities, in source file pc.vhd
    Info (12022): Found design unit 1: pc-pc_arq File: C:/Users/Evandro/Desktop/Arquitetura-de-Computadores/Projeto 2/pc.vhd Line: 18
    Info (12023): Found entity 1: pc File: C:/Users/Evandro/Desktop/Arquitetura-de-Computadores/Projeto 2/pc.vhd Line: 5
Info (12021): Found 2 design units, including 1 entities, in source file uc.vhd
    Info (12022): Found design unit 1: uc-uc_arq File: C:/Users/Evandro/Desktop/Arquitetura-de-Computadores/Projeto 2/uc.vhd Line: 16
    Info (12023): Found entity 1: uc File: C:/Users/Evandro/Desktop/Arquitetura-de-Computadores/Projeto 2/uc.vhd Line: 5
Info (12021): Found 2 design units, including 1 entities, in source file memoria_principal.vhd
    Info (12022): Found design unit 1: memoria_principal-memoria_principal_arq File: C:/Users/Evandro/Desktop/Arquitetura-de-Computadores/Projeto 2/memoria_principal.vhd Line: 14
    Info (12023): Found entity 1: memoria_principal File: C:/Users/Evandro/Desktop/Arquitetura-de-Computadores/Projeto 2/memoria_principal.vhd Line: 6
Info (12021): Found 2 design units, including 1 entities, in source file cpu_tb.vhd
    Info (12022): Found design unit 1: cpu_tb-cpu_arq_tb File: C:/Users/Evandro/Desktop/Arquitetura-de-Computadores/Projeto 2/cpu_tb.vhd Line: 9
    Info (12023): Found entity 1: cpu_tb File: C:/Users/Evandro/Desktop/Arquitetura-de-Computadores/Projeto 2/cpu_tb.vhd Line: 6
Info (12127): Elaborating entity "cpu" for the top level hierarchy
Info (12128): Elaborating entity "pc" for hierarchy "pc:P_C" File: C:/Users/Evandro/Desktop/Arquitetura-de-Computadores/Projeto 2/cpu.vhd Line: 112
Info (12128): Elaborating entity "memoria_principal" for hierarchy "memoria_principal:MEM" File: C:/Users/Evandro/Desktop/Arquitetura-de-Computadores/Projeto 2/cpu.vhd Line: 113
Info (12128): Elaborating entity "reg_instr" for hierarchy "reg_instr:REG_INST" File: C:/Users/Evandro/Desktop/Arquitetura-de-Computadores/Projeto 2/cpu.vhd Line: 114
Warning (10492): VHDL Process Statement warning at reg_instr.vhd(23): signal "jmp" is read inside the Process Statement but isn't in the Process Statement's sensitivity list File: C:/Users/Evandro/Desktop/Arquitetura-de-Computadores/Projeto 2/reg_instr.vhd Line: 23
Info (12128): Elaborating entity "uc" for hierarchy "uc:U_C" File: C:/Users/Evandro/Desktop/Arquitetura-de-Computadores/Projeto 2/cpu.vhd Line: 115
Warning (10492): VHDL Process Statement warning at uc.vhd(48): signal "branch_realizado" is read inside the Process Statement but isn't in the Process Statement's sensitivity list File: C:/Users/Evandro/Desktop/Arquitetura-de-Computadores/Projeto 2/uc.vhd Line: 48
Warning (10492): VHDL Process Statement warning at uc.vhd(58): signal "jmp_realizado" is read inside the Process Statement but isn't in the Process Statement's sensitivity list File: C:/Users/Evandro/Desktop/Arquitetura-de-Computadores/Projeto 2/uc.vhd Line: 58
Info (12128): Elaborating entity "ula" for hierarchy "ula:U_L_A" File: C:/Users/Evandro/Desktop/Arquitetura-de-Computadores/Projeto 2/cpu.vhd Line: 116
Warning (10631): VHDL Process Statement warning at ula.vhd(20): inferring latch(es) for signal or variable "E", which holds its previous value in one or more paths through the process File: C:/Users/Evandro/Desktop/Arquitetura-de-Computadores/Projeto 2/ula.vhd Line: 20
Warning (10631): VHDL Process Statement warning at ula.vhd(20): inferring latch(es) for signal or variable "calculoBranch", which holds its previous value in one or more paths through the process File: C:/Users/Evandro/Desktop/Arquitetura-de-Computadores/Projeto 2/ula.vhd Line: 20
Warning (10631): VHDL Process Statement warning at ula.vhd(20): inferring latch(es) for signal or variable "Sum", which holds its previous value in one or more paths through the process File: C:/Users/Evandro/Desktop/Arquitetura-de-Computadores/Projeto 2/ula.vhd Line: 20
Warning (10631): VHDL Process Statement warning at ula.vhd(20): inferring latch(es) for signal or variable "Sub", which holds its previous value in one or more paths through the process File: C:/Users/Evandro/Desktop/Arquitetura-de-Computadores/Projeto 2/ula.vhd Line: 20
Warning (10631): VHDL Process Statement warning at ula.vhd(20): inferring latch(es) for signal or variable "R", which holds its previous value in one or more paths through the process File: C:/Users/Evandro/Desktop/Arquitetura-de-Computadores/Projeto 2/ula.vhd Line: 20
Info (10041): Inferred latch for "R[0]" at ula.vhd(20) File: C:/Users/Evandro/Desktop/Arquitetura-de-Computadores/Projeto 2/ula.vhd Line: 20
Info (10041): Inferred latch for "R[1]" at ula.vhd(20) File: C:/Users/Evandro/Desktop/Arquitetura-de-Computadores/Projeto 2/ula.vhd Line: 20
Info (10041): Inferred latch for "R[2]" at ula.vhd(20) File: C:/Users/Evandro/Desktop/Arquitetura-de-Computadores/Projeto 2/ula.vhd Line: 20
Info (10041): Inferred latch for "R[3]" at ula.vhd(20) File: C:/Users/Evandro/Desktop/Arquitetura-de-Computadores/Projeto 2/ula.vhd Line: 20
Info (10041): Inferred latch for "R[4]" at ula.vhd(20) File: C:/Users/Evandro/Desktop/Arquitetura-de-Computadores/Projeto 2/ula.vhd Line: 20
Info (10041): Inferred latch for "R[5]" at ula.vhd(20) File: C:/Users/Evandro/Desktop/Arquitetura-de-Computadores/Projeto 2/ula.vhd Line: 20
Info (10041): Inferred latch for "R[6]" at ula.vhd(20) File: C:/Users/Evandro/Desktop/Arquitetura-de-Computadores/Projeto 2/ula.vhd Line: 20
Info (10041): Inferred latch for "R[7]" at ula.vhd(20) File: C:/Users/Evandro/Desktop/Arquitetura-de-Computadores/Projeto 2/ula.vhd Line: 20
Info (10041): Inferred latch for "Sub[0]" at ula.vhd(20) File: C:/Users/Evandro/Desktop/Arquitetura-de-Computadores/Projeto 2/ula.vhd Line: 20
Info (10041): Inferred latch for "Sub[1]" at ula.vhd(20) File: C:/Users/Evandro/Desktop/Arquitetura-de-Computadores/Projeto 2/ula.vhd Line: 20
Info (10041): Inferred latch for "Sub[2]" at ula.vhd(20) File: C:/Users/Evandro/Desktop/Arquitetura-de-Computadores/Projeto 2/ula.vhd Line: 20
Info (10041): Inferred latch for "Sub[3]" at ula.vhd(20) File: C:/Users/Evandro/Desktop/Arquitetura-de-Computadores/Projeto 2/ula.vhd Line: 20
Info (10041): Inferred latch for "Sub[4]" at ula.vhd(20) File: C:/Users/Evandro/Desktop/Arquitetura-de-Computadores/Projeto 2/ula.vhd Line: 20
Info (10041): Inferred latch for "Sub[5]" at ula.vhd(20) File: C:/Users/Evandro/Desktop/Arquitetura-de-Computadores/Projeto 2/ula.vhd Line: 20
Info (10041): Inferred latch for "Sub[6]" at ula.vhd(20) File: C:/Users/Evandro/Desktop/Arquitetura-de-Computadores/Projeto 2/ula.vhd Line: 20
Info (10041): Inferred latch for "Sub[7]" at ula.vhd(20) File: C:/Users/Evandro/Desktop/Arquitetura-de-Computadores/Projeto 2/ula.vhd Line: 20
Info (10041): Inferred latch for "Sum[0]" at ula.vhd(20) File: C:/Users/Evandro/Desktop/Arquitetura-de-Computadores/Projeto 2/ula.vhd Line: 20
Info (10041): Inferred latch for "Sum[1]" at ula.vhd(20) File: C:/Users/Evandro/Desktop/Arquitetura-de-Computadores/Projeto 2/ula.vhd Line: 20
Info (10041): Inferred latch for "Sum[2]" at ula.vhd(20) File: C:/Users/Evandro/Desktop/Arquitetura-de-Computadores/Projeto 2/ula.vhd Line: 20
Info (10041): Inferred latch for "Sum[3]" at ula.vhd(20) File: C:/Users/Evandro/Desktop/Arquitetura-de-Computadores/Projeto 2/ula.vhd Line: 20
Info (10041): Inferred latch for "Sum[4]" at ula.vhd(20) File: C:/Users/Evandro/Desktop/Arquitetura-de-Computadores/Projeto 2/ula.vhd Line: 20
Info (10041): Inferred latch for "Sum[5]" at ula.vhd(20) File: C:/Users/Evandro/Desktop/Arquitetura-de-Computadores/Projeto 2/ula.vhd Line: 20
Info (10041): Inferred latch for "Sum[6]" at ula.vhd(20) File: C:/Users/Evandro/Desktop/Arquitetura-de-Computadores/Projeto 2/ula.vhd Line: 20
Info (10041): Inferred latch for "Sum[7]" at ula.vhd(20) File: C:/Users/Evandro/Desktop/Arquitetura-de-Computadores/Projeto 2/ula.vhd Line: 20
Info (10041): Inferred latch for "calculoBranch[0]" at ula.vhd(20) File: C:/Users/Evandro/Desktop/Arquitetura-de-Computadores/Projeto 2/ula.vhd Line: 20
Info (10041): Inferred latch for "calculoBranch[1]" at ula.vhd(20) File: C:/Users/Evandro/Desktop/Arquitetura-de-Computadores/Projeto 2/ula.vhd Line: 20
Info (10041): Inferred latch for "calculoBranch[2]" at ula.vhd(20) File: C:/Users/Evandro/Desktop/Arquitetura-de-Computadores/Projeto 2/ula.vhd Line: 20
Info (10041): Inferred latch for "calculoBranch[3]" at ula.vhd(20) File: C:/Users/Evandro/Desktop/Arquitetura-de-Computadores/Projeto 2/ula.vhd Line: 20
Info (10041): Inferred latch for "calculoBranch[4]" at ula.vhd(20) File: C:/Users/Evandro/Desktop/Arquitetura-de-Computadores/Projeto 2/ula.vhd Line: 20
Info (10041): Inferred latch for "calculoBranch[5]" at ula.vhd(20) File: C:/Users/Evandro/Desktop/Arquitetura-de-Computadores/Projeto 2/ula.vhd Line: 20
Info (10041): Inferred latch for "calculoBranch[6]" at ula.vhd(20) File: C:/Users/Evandro/Desktop/Arquitetura-de-Computadores/Projeto 2/ula.vhd Line: 20
Info (10041): Inferred latch for "calculoBranch[7]" at ula.vhd(20) File: C:/Users/Evandro/Desktop/Arquitetura-de-Computadores/Projeto 2/ula.vhd Line: 20
Info (10041): Inferred latch for "E[0]" at ula.vhd(20) File: C:/Users/Evandro/Desktop/Arquitetura-de-Computadores/Projeto 2/ula.vhd Line: 20
Info (10041): Inferred latch for "E[1]" at ula.vhd(20) File: C:/Users/Evandro/Desktop/Arquitetura-de-Computadores/Projeto 2/ula.vhd Line: 20
Info (10041): Inferred latch for "E[2]" at ula.vhd(20) File: C:/Users/Evandro/Desktop/Arquitetura-de-Computadores/Projeto 2/ula.vhd Line: 20
Info (10041): Inferred latch for "E[3]" at ula.vhd(20) File: C:/Users/Evandro/Desktop/Arquitetura-de-Computadores/Projeto 2/ula.vhd Line: 20
Info (10041): Inferred latch for "E[4]" at ula.vhd(20) File: C:/Users/Evandro/Desktop/Arquitetura-de-Computadores/Projeto 2/ula.vhd Line: 20
Info (10041): Inferred latch for "E[5]" at ula.vhd(20) File: C:/Users/Evandro/Desktop/Arquitetura-de-Computadores/Projeto 2/ula.vhd Line: 20
Info (10041): Inferred latch for "E[6]" at ula.vhd(20) File: C:/Users/Evandro/Desktop/Arquitetura-de-Computadores/Projeto 2/ula.vhd Line: 20
Info (10041): Inferred latch for "E[7]" at ula.vhd(20) File: C:/Users/Evandro/Desktop/Arquitetura-de-Computadores/Projeto 2/ula.vhd Line: 20
Info (12128): Elaborating entity "banco_de_registradores" for hierarchy "banco_de_registradores:Banco" File: C:/Users/Evandro/Desktop/Arquitetura-de-Computadores/Projeto 2/cpu.vhd Line: 117
Info: Quartus Prime Analysis & Elaboration was successful. 0 errors, 9 warnings
    Info: Peak virtual memory: 4769 megabytes
    Info: Processing ended: Wed Nov 17 00:25:55 2021
    Info: Elapsed time: 00:00:08
    Info: Total CPU time (on all processors): 00:00:19


